Nov 19, 2018 11:16:09 AM org.apache.catalina.startup.VersionLoggerListener log
INFO: Server version:        Apache Tomcat (TomEE)/7.0.81 (1.7.5)
Nov 19, 2018 11:16:09 AM org.apache.catalina.startup.VersionLoggerListener log
INFO: Server built:          Aug 11 2017 10:21:27 UTC
Nov 19, 2018 11:16:09 AM org.apache.catalina.startup.VersionLoggerListener log
INFO: Server number:         7.0.81.0
Nov 19, 2018 11:16:09 AM org.apache.catalina.startup.VersionLoggerListener log
INFO: OS Name:               Windows 10
Nov 19, 2018 11:16:09 AM org.apache.catalina.startup.VersionLoggerListener log
INFO: OS Version:            10.0
Nov 19, 2018 11:16:09 AM org.apache.catalina.startup.VersionLoggerListener log
INFO: Architecture:          amd64
Nov 19, 2018 11:16:09 AM org.apache.catalina.startup.VersionLoggerListener log
INFO: Java Home:             C:\Program Files\Java\jdk1.8.0_191\jre
Nov 19, 2018 11:16:09 AM org.apache.catalina.startup.VersionLoggerListener log
INFO: JVM Version:           1.8.0_191-b12
Nov 19, 2018 11:16:09 AM org.apache.catalina.startup.VersionLoggerListener log
INFO: JVM Vendor:            Oracle Corporation
Nov 19, 2018 11:16:09 AM org.apache.catalina.startup.VersionLoggerListener log
INFO: CATALINA_BASE:         C:\Opensap\address-manager\application\target\apache-tomee
Nov 19, 2018 11:16:09 AM org.apache.catalina.startup.VersionLoggerListener log
INFO: CATALINA_HOME:         C:\Opensap\address-manager\application\target\apache-tomee
Nov 19, 2018 11:16:09 AM org.apache.catalina.startup.VersionLoggerListener log
INFO: Command line argument: -XX:+HeapDumpOnOutOfMemoryError
Nov 19, 2018 11:16:09 AM org.apache.catalina.startup.VersionLoggerListener log
INFO: Command line argument: -Dorg.apache.catalina.STRICT_SERVLET_COMPLIANCE=false
Nov 19, 2018 11:16:09 AM org.apache.catalina.startup.VersionLoggerListener log
INFO: Command line argument: -Dopenejb.session.manager=org.apache.tomee.catalina.session.QuickSessionManager
Nov 19, 2018 11:16:09 AM org.apache.catalina.startup.VersionLoggerListener log
INFO: Command line argument: -Dtomee.remote.support=true
Nov 19, 2018 11:16:09 AM org.apache.catalina.startup.VersionLoggerListener log
INFO: Command line argument: -Dopenejb.system.apps=false
Nov 19, 2018 11:16:09 AM org.apache.catalina.startup.VersionLoggerListener log
INFO: Command line argument: -Djava.util.logging.config.file=C:\Opensap\address-manager\application\target\apache-tomee\conf\logging.properties
Nov 19, 2018 11:16:09 AM org.apache.catalina.startup.VersionLoggerListener log
INFO: Command line argument: -javaagent:C:\Opensap\address-manager\application\target\apache-tomee\lib\openejb-javaagent.jar
Nov 19, 2018 11:16:09 AM org.apache.catalina.startup.VersionLoggerListener log
INFO: Command line argument: -Djava.util.logging.manager=org.apache.juli.ClassLoaderLogManager
Nov 19, 2018 11:16:09 AM org.apache.catalina.startup.VersionLoggerListener log
INFO: Command line argument: -Djava.io.tmpdir=C:\Opensap\address-manager\application\target\apache-tomee\temp
Nov 19, 2018 11:16:09 AM org.apache.catalina.startup.VersionLoggerListener log
INFO: Command line argument: -Djava.endorsed.dirs=C:\Opensap\address-manager\application\target\apache-tomee\endorsed
Nov 19, 2018 11:16:09 AM org.apache.catalina.startup.VersionLoggerListener log
INFO: Command line argument: -Dcatalina.base=C:\Opensap\address-manager\application\target\apache-tomee
Nov 19, 2018 11:16:09 AM org.apache.catalina.startup.VersionLoggerListener log
INFO: Command line argument: -Dcatalina.home=C:\Opensap\address-manager\application\target\apache-tomee
Nov 19, 2018 11:16:09 AM org.apache.catalina.startup.VersionLoggerListener log
INFO: Command line argument: -Dcatalina.ext.dirs=C:\Opensap\address-manager\application\target\apache-tomee\lib
Nov 19, 2018 11:16:09 AM org.apache.catalina.startup.VersionLoggerListener log
INFO: Command line argument: -Dorg.apache.tomcat.util.http.ServerCookie.ALLOW_HTTP_SEPARATORS_IN_V0=true
Nov 19, 2018 11:16:09 AM org.apache.catalina.startup.VersionLoggerListener log
INFO: Command line argument: -ea
Nov 19, 2018 11:16:09 AM org.apache.catalina.core.AprLifecycleListener lifecycleEvent
INFO: The APR based Apache Tomcat Native library which allows optimal performance in production environments was not found on the java.library.path: C:\Program Files\Java\jdk1.8.0_191\jre\bin;C:\WINDOWS\Sun\Java\bin;C:\WINDOWS\system32;C:\WINDOWS;C:\Program Files\Docker\Docker\Resources\bin;C:\Program Files (x86)\Common Files\Oracle\Java\javapath;C:\WINDOWS\system32;C:\WINDOWS;C:\WINDOWS\System32\Wbem;C:\WINDOWS\System32\WindowsPowerShell\v1.0\;C:\Program Files\Java\jdk1.8.0_191\bin;C:\Program Files (x86)\Common Files\Intuit\QBPOSSDKRuntime;C:\WINDOWS\System32\OpenSSH\;C:\Program Files\PuTTY\;C:\nodejs\;C:\Program Files\Git\cmd;C:\Users\Ravindra\AppData\Roaming\Cloud Foundry;C:\ProgramData\chocolatey\bin;C:\Program Files\Java\jdk1.8.0_191\bin;C:\Users\Ravindra\AppData\Local\Microsoft\WindowsApps;c:\spark\bin;C:\Users\Ravindra\AppData\Roaming\npm;.
Nov 19, 2018 11:16:10 AM org.apache.coyote.AbstractProtocol init
INFO: Initializing ProtocolHandler ["http-bio-8080"]
Nov 19, 2018 11:16:10 AM org.apache.coyote.AbstractProtocol init
INFO: Initializing ProtocolHandler ["ajp-bio-8009"]
Nov 19, 2018 11:16:11 AM org.apache.openejb.util.OptionsLog info
INFO: Using 'tomee.remote.support=true'
Nov 19, 2018 11:16:11 AM org.apache.openejb.util.OptionsLog info
INFO: Using 'openejb.jdbc.datasource-creator=org.apache.tomee.jdbc.TomEEDataSourceCreator'
Nov 19, 2018 11:16:12 AM org.apache.openejb.OpenEJB$Instance <init>
INFO: ********************************************************************************
Nov 19, 2018 11:16:12 AM org.apache.openejb.OpenEJB$Instance <init>
INFO: OpenEJB http://tomee.apache.org/
Nov 19, 2018 11:16:12 AM org.apache.openejb.OpenEJB$Instance <init>
INFO: Startup: Mon Nov 19 11:16:12 EST 2018
Nov 19, 2018 11:16:12 AM org.apache.openejb.OpenEJB$Instance <init>
INFO: Copyright 1999-2015 (C) Apache OpenEJB/TomEE Project, All Rights Reserved.
Nov 19, 2018 11:16:12 AM org.apache.openejb.OpenEJB$Instance <init>
INFO: Version: 4.7.5
Nov 19, 2018 11:16:12 AM org.apache.openejb.OpenEJB$Instance <init>
INFO: Build date: 20170927
Nov 19, 2018 11:16:12 AM org.apache.openejb.OpenEJB$Instance <init>
INFO: Build time: 12:02
Nov 19, 2018 11:16:12 AM org.apache.openejb.OpenEJB$Instance <init>
INFO: ********************************************************************************
Nov 19, 2018 11:16:12 AM org.apache.openejb.OpenEJB$Instance <init>
INFO: openejb.home = C:\Opensap\address-manager\application\target\apache-tomee
Nov 19, 2018 11:16:12 AM org.apache.openejb.OpenEJB$Instance <init>
INFO: openejb.base = C:\Opensap\address-manager\application\target\apache-tomee
Nov 19, 2018 11:16:12 AM org.apache.openejb.cdi.CdiBuilder initializeOWB
INFO: Created new singletonService org.apache.openejb.cdi.ThreadSingletonServiceImpl@51b279c9
Nov 19, 2018 11:16:12 AM org.apache.openejb.cdi.CdiBuilder initializeOWB
INFO: Succeeded in installing singleton service
Nov 19, 2018 11:16:12 AM org.apache.openejb.config.ConfigurationFactory init
INFO: openejb configuration file is 'C:\Opensap\address-manager\application\target\apache-tomee\conf\tomee.xml'
Nov 19, 2018 11:16:12 AM org.apache.openejb.config.ConfigurationFactory configureService
INFO: Configuring Service(id=Tomcat Security Service, type=SecurityService, provider-id=Tomcat Security Service)
Nov 19, 2018 11:16:12 AM org.apache.openejb.config.ConfigurationFactory configureService
INFO: Configuring Service(id=Default Transaction Manager, type=TransactionManager, provider-id=Default Transaction Manager)
Nov 19, 2018 11:16:12 AM org.apache.openejb.util.OptionsLog info
INFO: Using 'openejb.system.apps=false'
Nov 19, 2018 11:16:12 AM org.apache.openejb.util.OptionsLog info
INFO: Using 'openejb.deployments.classpath=false'
Nov 19, 2018 11:16:12 AM org.apache.openejb.assembler.classic.Assembler createRecipe
INFO: Creating TransactionManager(id=Default Transaction Manager)
Nov 19, 2018 11:16:12 AM org.apache.openejb.assembler.classic.Assembler createRecipe
INFO: Creating SecurityService(id=Tomcat Security Service)
Nov 19, 2018 11:16:12 AM org.apache.openejb.server.ServiceManager initServer
INFO: Creating ServerService(id=cxf-rs)
Nov 19, 2018 11:16:13 AM org.apache.openejb.server.SimpleServiceManager start
INFO:   ** Bound Services **
Nov 19, 2018 11:16:13 AM org.apache.openejb.server.SimpleServiceManager printRow
INFO:   NAME                 IP              PORT  
Nov 19, 2018 11:16:13 AM org.apache.openejb.server.SimpleServiceManager start
INFO: -------
Nov 19, 2018 11:16:13 AM org.apache.openejb.server.SimpleServiceManager start
INFO: Ready!
Nov 19, 2018 11:16:13 AM org.apache.catalina.startup.Catalina load
INFO: Initialization processed in 4971 ms
Nov 19, 2018 11:16:13 AM org.apache.tomee.catalina.OpenEJBNamingContextListener bindResource
INFO: Importing a Tomcat Resource with id 'UserDatabase' of type 'org.apache.catalina.UserDatabase'.
Nov 19, 2018 11:16:13 AM org.apache.openejb.assembler.classic.Assembler createRecipe
INFO: Creating Resource(id=UserDatabase)
Nov 19, 2018 11:16:13 AM org.apache.catalina.core.StandardService startInternal
INFO: Starting service Catalina
Nov 19, 2018 11:16:13 AM org.apache.catalina.core.StandardEngine startInternal
INFO: Starting Servlet Engine: Apache Tomcat (TomEE)/7.0.81 (1.7.5)
Nov 19, 2018 11:16:13 AM org.apache.catalina.startup.HostConfig deployWAR
INFO: Deploying web application archive C:\Opensap\address-manager\application\target\apache-tomee\webapps\ROOT.war
Nov 19, 2018 11:16:13 AM org.apache.tomee.catalina.TomcatWebAppBuilder init
INFO: ------------------------- localhost -> /
Nov 19, 2018 11:16:13 AM org.apache.openejb.util.JarExtractor extract
INFO: Extracting jar: C:\Opensap\address-manager\application\target\apache-tomee\webapps\ROOT.war
Nov 19, 2018 11:16:20 AM org.apache.openejb.util.JarExtractor extract
INFO: Extracted path: C:\Opensap\address-manager\application\target\apache-tomee\webapps\ROOT
Nov 19, 2018 11:16:20 AM org.apache.openejb.util.OptionsLog info
INFO: Using 'openejb.session.manager=org.apache.tomee.catalina.session.QuickSessionManager'
Nov 19, 2018 11:16:26 AM org.apache.openejb.config.ConfigurationFactory configureApplication
INFO: Configuring enterprise application: C:\Opensap\address-manager\application\target\apache-tomee\webapps\ROOT
Nov 19, 2018 11:16:27 AM org.apache.openejb.config.ConfigurationFactory configureService
INFO: Configuring Service(id=Default Managed Container, type=Container, provider-id=Default Managed Container)
Nov 19, 2018 11:16:27 AM org.apache.openejb.config.AutoConfig createContainer
INFO: Auto-creating a container for bean .Comp863762235: Container(type=MANAGED, id=Default Managed Container)
Nov 19, 2018 11:16:27 AM org.apache.openejb.assembler.classic.Assembler createRecipe
INFO: Creating Container(id=Default Managed Container)
Nov 19, 2018 11:16:27 AM org.apache.openejb.core.managed.SimplePassivater init
INFO: Using directory C:\Opensap\address-manager\application\target\apache-tomee\temp for stateful session passivation
Nov 19, 2018 11:16:27 AM org.apache.openejb.config.AppInfoBuilder build
INFO: Enterprise application "C:\Opensap\address-manager\application\target\apache-tomee\webapps\ROOT" loaded.
Nov 19, 2018 11:16:28 AM org.apache.openejb.assembler.classic.Assembler createApplication
INFO: Assembling app: C:\Opensap\address-manager\application\target\apache-tomee\webapps\ROOT
Nov 19, 2018 11:16:28 AM org.apache.openejb.cdi.CdiBuilder initSingleton
INFO: Existing thread singleton service in SystemInstance(): org.apache.openejb.cdi.ThreadSingletonServiceImpl@51b279c9
Nov 19, 2018 11:16:28 AM org.apache.openejb.cdi.OpenEJBLifecycle startApplication
INFO: OpenWebBeans Container is starting...
Nov 19, 2018 11:16:28 AM org.apache.webbeans.plugins.PluginLoader startUp
INFO: Adding OpenWebBeansPlugin : [CdiPlugin]
Nov 19, 2018 11:16:28 AM org.apache.webbeans.plugins.PluginLoader startUp
INFO: Adding OpenWebBeansPlugin : [OpenWebBeansJsfPlugin]
Nov 19, 2018 11:16:40 AM org.apache.webbeans.config.BeansDeployer deploySingleAnnotatedType
INFO: Skipping deployment of Class class com.sap.cloud.sdk.cloudplatform.auditlog.ScpCfAuditLogdue to a NoClassDefFoundError: com/sap/xs/audit/api/exception/AuditLogException
Nov 19, 2018 11:16:51 AM org.apache.webbeans.config.BeansDeployer validateInjectionPoints
INFO: All injection points were validated successfully.
Nov 19, 2018 11:16:51 AM org.apache.openejb.cdi.OpenEJBLifecycle startApplication
INFO: OpenWebBeans Container has started, it took 22802 ms.
Nov 19, 2018 11:16:51 AM org.apache.openejb.assembler.classic.Assembler createApplication
INFO: Deployed Application(path=C:\Opensap\address-manager\application\target\apache-tomee\webapps\ROOT)
Nov 19, 2018 11:16:54 AM org.apache.catalina.startup.HostConfig deployWAR
INFO: Deployment of web application archive C:\Opensap\address-manager\application\target\apache-tomee\webapps\ROOT.war has finished in 40,602 ms
Nov 19, 2018 11:16:54 AM org.apache.coyote.AbstractProtocol start
INFO: Starting ProtocolHandler ["http-bio-8080"]
Nov 19, 2018 11:16:54 AM org.apache.coyote.AbstractProtocol start
INFO: Starting ProtocolHandler ["ajp-bio-8009"]
Nov 19, 2018 11:16:54 AM org.apache.catalina.startup.Catalina start
INFO: Server startup in 40981 ms
